<?xml version="1.0" encoding="UTF-8"?>
<!-- Generated by org.testng.reporters.JUnitReportReporter -->
<testsuite hostname="IN01N01940" failures="0" tests="1" name="factory.DriverFactory" time="6.406" errors="0" timestamp="2021-02-28T02:44:34 IST" skipped="0">
  <testcase classname="factory.DriverFactory" name="run" time="6.406"/>
  <system-out/>
</testsuite> <!-- factory.DriverFactory -->
